127.0.0.1 - - [03/Dec/2020:10:10:42 +0000] "POST /orangehrm/install.php HTTP/1.1" 302 -
127.0.0.1 - - [03/Dec/2020:10:10:42 +0000] "POST /orangehrm/install.php HTTP/1.1" 302 -
127.0.0.1 - - [03/Dec/2020:10:10:42 +0000] "POST /orangehrm/install.php HTTP/1.1" 302 -
127.0.0.1 - - [03/Dec/2020:10:10:42 +0000] "POST /orangehrm/install.php HTTP/1.1" 302 -
127.0.0.1 - - [03/Dec/2020:10:10:43 +0000] "POST /orangehrm/install.php HTTP/1.1" 302 -
127.0.0.1 - - [03/Dec/2020:10:10:43 +0000] "POST /orangehrm/install.php HTTP/1.1" 302 -
127.0.0.1 - - [03/Dec/2020:10:10:43 +0000] "POST /orangehrm/install.php HTTP/1.1" 302 -
127.0.0.1 - - [03/Dec/2020:10:11:03 +0000] "POST /orangehrm/install.php HTTP/1.1" 302 -
127.0.0.1 - - [03/Dec/2020:10:11:04 +0000] "POST /orangehrm/install.php HTTP/1.1" 302 -
127.0.0.1 - - [03/Dec/2020:10:11:04 +0000] "POST /orangehrm/install.php HTTP/1.1" 302 -
127.0.0.1 - - [03/Dec/2020:10:11:04 +0000] "POST /orangehrm/install.php HTTP/1.1" 302 -
127.0.0.1 - - [03/Dec/2020:10:11:04 +0000] "POST /orangehrm/install.php HTTP/1.1" 302 -
127.0.0.1 - - [03/Dec/2020:10:11:04 +0000] "POST /orangehrm/install.php HTTP/1.1" 500 -
::1 - - [05/Dec/2020:14:37:13 +0000] "GET / HTTP/1.1" 200 879
::1 - - [05/Dec/2020:14:37:13 +0000] "GET /img/bitnami.png HTTP/1.1" 200 3738
::1 - - [05/Dec/2020:14:37:13 +0000] "GET /bitnami.css HTTP/1.1" 200 698
::1 - - [05/Dec/2020:14:37:13 +0000] "GET /img/orangehrm.png HTTP/1.1" 200 3880
::1 - - [05/Dec/2020:14:37:13 +0000] "GET /img/sub_header_bg.png HTTP/1.1" 200 146
::1 - - [05/Dec/2020:14:37:13 +0000] "GET /img/header_bg.png HTTP/1.1" 200 147
::1 - - [05/Dec/2020:14:37:13 +0000] "GET /favicon.ico HTTP/1.1" 200 1150
::1 - - [05/Dec/2020:14:37:15 +0000] "GET /orangehrm/ HTTP/1.1" 302 -
::1 - - [05/Dec/2020:14:37:15 +0000] "GET /orangehrm/symfony/web/index.php/auth/login HTTP/1.1" 200 18756
::1 - - [05/Dec/2020:14:38:12 +0000] "GET /orangehrm/symfony/web/webres_5fa517042fb5e3.16670395/themes/default/css/reset.css HTTP/1.1" 200 596
::1 - - [05/Dec/2020:14:38:12 +0000] "GET /orangehrm/symfony/web/webres_5fa517042fb5e3.16670395/themes/default/css/main.css HTTP/1.1" 200 6998
::1 - - [05/Dec/2020:14:38:12 +0000] "GET /orangehrm/symfony/web/webres_5fa517042fb5e3.16670395/themes/default/css/jquery/jquery.autocomplete.css HTTP/1.1" 200 443
::1 - - [05/Dec/2020:14:38:12 +0000] "GET /orangehrm/symfony/web/webres_5fa517042fb5e3.16670395/themes/default/css/jquery/jquery-ui-1.8.21.custom.css HTTP/1.1" 200 6094
::1 - - [05/Dec/2020:14:38:12 +0000] "GET /orangehrm/symfony/web/webres_5fa517042fb5e3.16670395/themes/default/css/login.css HTTP/1.1" 200 1684
::1 - - [05/Dec/2020:14:38:12 +0000] "GET /orangehrm/symfony/web/webres_5fa517042fb5e3.16670395/themes/default/css/tipTip.css HTTP/1.1" 200 680
::1 - - [05/Dec/2020:14:38:12 +0000] "GET /orangehrm/symfony/web/webres_5fa517042fb5e3.16670395/js/orangehrm.autocomplete.js HTTP/1.1" 200 374
::1 - - [05/Dec/2020:14:38:12 +0000] "GET /orangehrm/symfony/web/webres_5fa517042fb5e3.16670395/js/jquery/jquery.autocomplete.js HTTP/1.1" 200 7089
::1 - - [05/Dec/2020:14:38:12 +0000] "GET /orangehrm/symfony/web/webres_5fa517042fb5e3.16670395/js/jquery/jquery.ui.core.js HTTP/1.1" 200 4426
::1 - - [05/Dec/2020:14:38:12 +0000] "GET /orangehrm/symfony/web/webres_5fa517042fb5e3.16670395/js/jquery/validate/jquery.validate.js HTTP/1.1" 200 10222
::1 - - [05/Dec/2020:14:38:12 +0000] "GET /orangehrm/symfony/web/webres_5fa517042fb5e3.16670395/js/jquery/jquery-3.4.1.min.js HTTP/1.1" 200 30677
::1 - - [05/Dec/2020:14:38:12 +0000] "GET /orangehrm/symfony/web/webres_5fa517042fb5e3.16670395/js/jquery/jquery.ui.datepicker.js HTTP/1.1" 200 20567
::1 - - [05/Dec/2020:14:38:12 +0000] "GET /orangehrm/symfony/web/webres_5fa517042fb5e3.16670395/js/jquery/jquery.form.js HTTP/1.1" 200 7077
::1 - - [05/Dec/2020:14:38:12 +0000] "GET /orangehrm/symfony/web/webres_5fa517042fb5e3.16670395/js/jquery/bootstrap-modal.js HTTP/1.1" 200 1858
::1 - - [05/Dec/2020:14:38:12 +0000] "GET /orangehrm/symfony/web/webres_5fa517042fb5e3.16670395/js/jquery/jquery.clickoutside.js HTTP/1.1" 200 332
::1 - - [05/Dec/2020:14:38:12 +0000] "GET /orangehrm/symfony/web/webres_5fa517042fb5e3.16670395/js/jquery/jquery.tipTip.minified.js HTTP/1.1" 200 1705
::1 - - [05/Dec/2020:14:38:12 +0000] "GET /orangehrm/symfony/web/webres_5fa517042fb5e3.16670395/js/fontawesome-5.13.0/js/regular.min.js HTTP/1.1" 200 32716
::1 - - [05/Dec/2020:14:38:12 +0000] "GET /orangehrm/symfony/web/webres_5fa517042fb5e3.16670395/js/fontawesome-5.13.0/js/fontawesome.min.js HTTP/1.1" 200 12970
::1 - - [05/Dec/2020:14:38:13 +0000] "GET /orangehrm/symfony/web/webres_5fa517042fb5e3.16670395/js/orangehrm.marketplace.js HTTP/1.1" 200 136
::1 - - [05/Dec/2020:14:38:13 +0000] "GET /orangehrm/symfony/web/webres_5fa517042fb5e3.16670395/js/orangehrm.validate.js HTTP/1.1" 200 2164
::1 - - [05/Dec/2020:14:38:12 +0000] "GET /orangehrm/symfony/web/webres_5fa517042fb5e3.16670395/js/fontawesome-5.13.0/js/solid.min.js HTTP/1.1" 200 203424
::1 - - [05/Dec/2020:14:38:13 +0000] "GET /orangehrm/symfony/web/webres_5fa517042fb5e3.16670395/js/archive.js HTTP/1.1" 200 3238
::1 - - [05/Dec/2020:14:38:13 +0000] "GET /orangehrm/symfony/web/webres_5fa517042fb5e3.16670395/js/orangehrm.helper.js HTTP/1.1" 200 230
::1 - - [05/Dec/2020:14:38:13 +0000] "GET /orangehrm/symfony/web/webres_5fa517042fb5e3.16670395/themes/default/images/login/logo.png HTTP/1.1" 200 30411
::1 - - [05/Dec/2020:14:38:13 +0000] "GET /orangehrm/symfony/web/webres_5fa517042fb5e3.16670395/themes/default/images/login/linkedin.png HTTP/1.1" 200 3865
::1 - - [05/Dec/2020:14:38:13 +0000] "GET /orangehrm/symfony/web/webres_5fa517042fb5e3.16670395/themes/default/images/login/facebook.png HTTP/1.1" 200 3813
::1 - - [05/Dec/2020:14:38:13 +0000] "GET /orangehrm/symfony/web/webres_5fa517042fb5e3.16670395/themes/default/images/login/twiter.png HTTP/1.1" 200 4012
::1 - - [05/Dec/2020:14:38:13 +0000] "GET /orangehrm/symfony/web/webres_5fa517042fb5e3.16670395/themes/default/images/login/youtube.png HTTP/1.1" 200 4016
::1 - - [05/Dec/2020:14:38:13 +0000] "GET /orangehrm/symfony/web/webres_5fa517042fb5e3.16670395/themes/default/images/favicon.ico HTTP/1.1" 200 564
::1 - - [05/Dec/2020:14:54:51 +0000] "GET /orangehrm/symfony/web/index.php/auth/login HTTP/1.1" 200 18756
::1 - - [05/Dec/2020:15:14:53 +0000] "GET /orangehrm/symfony/web/index.php/auth/login HTTP/1.1" 200 18756
::1 - - [05/Dec/2020:15:14:53 +0000] "GET /orangehrm/symfony/web/webres_5fa517042fb5e3.16670395/themes/default/css/reset.css HTTP/1.1" 200 596
::1 - - [05/Dec/2020:15:14:53 +0000] "GET /orangehrm/symfony/web/webres_5fa517042fb5e3.16670395/themes/default/css/tipTip.css HTTP/1.1" 200 680
::1 - - [05/Dec/2020:15:14:53 +0000] "GET /orangehrm/symfony/web/webres_5fa517042fb5e3.16670395/themes/default/css/jquery/jquery-ui-1.8.21.custom.css HTTP/1.1" 200 6094
::1 - - [05/Dec/2020:15:14:53 +0000] "GET /orangehrm/symfony/web/webres_5fa517042fb5e3.16670395/themes/default/css/jquery/jquery.autocomplete.css HTTP/1.1" 200 443
::1 - - [05/Dec/2020:15:14:53 +0000] "GET /orangehrm/symfony/web/webres_5fa517042fb5e3.16670395/themes/default/css/main.css HTTP/1.1" 200 6998
::1 - - [05/Dec/2020:15:14:53 +0000] "GET /orangehrm/symfony/web/webres_5fa517042fb5e3.16670395/themes/default/css/login.css HTTP/1.1" 200 1684
::1 - - [05/Dec/2020:15:14:54 +0000] "GET /orangehrm/symfony/web/webres_5fa517042fb5e3.16670395/themes/default/images/login/linkedin.png HTTP/1.1" 304 -
::1 - - [05/Dec/2020:15:14:54 +0000] "GET /orangehrm/symfony/web/webres_5fa517042fb5e3.16670395/themes/default/images/login/facebook.png HTTP/1.1" 304 -
::1 - - [05/Dec/2020:15:14:54 +0000] "GET /orangehrm/symfony/web/webres_5fa517042fb5e3.16670395/themes/default/images/login/twiter.png HTTP/1.1" 304 -
::1 - - [05/Dec/2020:15:14:54 +0000] "GET /orangehrm/symfony/web/webres_5fa517042fb5e3.16670395/themes/default/images/login/youtube.png HTTP/1.1" 304 -
::1 - - [05/Dec/2020:15:14:54 +0000] "GET /orangehrm/symfony/web/webres_5fa517042fb5e3.16670395/themes/default/images/favicon.ico HTTP/1.1" 200 564
::1 - - [10/Dec/2020:00:21:09 +0000] "GET /orangehrm/symfony/web/index.php/auth/login HTTP/1.1" 200 18756
::1 - - [10/Dec/2020:00:21:11 +0000] "GET /orangehrm/symfony/web/webres_5fa517042fb5e3.16670395/themes/default/css/reset.css HTTP/1.1" 200 596
::1 - - [10/Dec/2020:00:21:11 +0000] "GET /orangehrm/symfony/web/webres_5fa517042fb5e3.16670395/themes/default/css/tipTip.css HTTP/1.1" 200 680
::1 - - [10/Dec/2020:00:21:11 +0000] "GET /orangehrm/symfony/web/webres_5fa517042fb5e3.16670395/themes/default/css/jquery/jquery-ui-1.8.21.custom.css HTTP/1.1" 200 6094
::1 - - [10/Dec/2020:00:21:11 +0000] "GET /orangehrm/symfony/web/webres_5fa517042fb5e3.16670395/themes/default/css/jquery/jquery.autocomplete.css HTTP/1.1" 200 443
::1 - - [10/Dec/2020:00:21:11 +0000] "GET /orangehrm/symfony/web/webres_5fa517042fb5e3.16670395/themes/default/css/main.css HTTP/1.1" 200 6998
::1 - - [10/Dec/2020:00:21:11 +0000] "GET /orangehrm/symfony/web/webres_5fa517042fb5e3.16670395/themes/default/css/login.css HTTP/1.1" 200 1684
::1 - - [10/Dec/2020:00:21:11 +0000] "GET /orangehrm/symfony/web/webres_5fa517042fb5e3.16670395/js/jquery/validate/jquery.validate.js HTTP/1.1" 200 10222
::1 - - [10/Dec/2020:00:21:11 +0000] "GET /orangehrm/symfony/web/webres_5fa517042fb5e3.16670395/js/jquery/jquery.ui.core.js HTTP/1.1" 200 4426
::1 - - [10/Dec/2020:00:21:11 +0000] "GET /orangehrm/symfony/web/webres_5fa517042fb5e3.16670395/js/orangehrm.autocomplete.js HTTP/1.1" 200 374
::1 - - [10/Dec/2020:00:21:11 +0000] "GET /orangehrm/symfony/web/webres_5fa517042fb5e3.16670395/js/jquery/jquery-3.4.1.min.js HTTP/1.1" 200 30677
::1 - - [10/Dec/2020:00:21:11 +0000] "GET /orangehrm/symfony/web/webres_5fa517042fb5e3.16670395/js/jquery/jquery.autocomplete.js HTTP/1.1" 200 7089
::1 - - [10/Dec/2020:00:21:11 +0000] "GET /orangehrm/symfony/web/webres_5fa517042fb5e3.16670395/js/jquery/jquery.ui.datepicker.js HTTP/1.1" 200 20567
::1 - - [10/Dec/2020:00:21:11 +0000] "GET /orangehrm/symfony/web/webres_5fa517042fb5e3.16670395/js/jquery/jquery.form.js HTTP/1.1" 200 7077
::1 - - [10/Dec/2020:00:21:11 +0000] "GET /orangehrm/symfony/web/webres_5fa517042fb5e3.16670395/js/jquery/jquery.tipTip.minified.js HTTP/1.1" 200 1705
::1 - - [10/Dec/2020:00:21:11 +0000] "GET /orangehrm/symfony/web/webres_5fa517042fb5e3.16670395/js/jquery/jquery.clickoutside.js HTTP/1.1" 200 332
::1 - - [10/Dec/2020:00:21:11 +0000] "GET /orangehrm/symfony/web/webres_5fa517042fb5e3.16670395/js/jquery/bootstrap-modal.js HTTP/1.1" 200 1858
::1 - - [10/Dec/2020:00:21:11 +0000] "GET /orangehrm/symfony/web/webres_5fa517042fb5e3.16670395/js/fontawesome-5.13.0/js/fontawesome.min.js HTTP/1.1" 200 12970
::1 - - [10/Dec/2020:00:21:11 +0000] "GET /orangehrm/symfony/web/webres_5fa517042fb5e3.16670395/js/fontawesome-5.13.0/js/regular.min.js HTTP/1.1" 200 32716
::1 - - [10/Dec/2020:00:21:11 +0000] "GET /orangehrm/symfony/web/webres_5fa517042fb5e3.16670395/js/orangehrm.validate.js HTTP/1.1" 200 2164
::1 - - [10/Dec/2020:00:21:11 +0000] "GET /orangehrm/symfony/web/webres_5fa517042fb5e3.16670395/js/archive.js HTTP/1.1" 200 3238
::1 - - [10/Dec/2020:00:21:11 +0000] "GET /orangehrm/symfony/web/webres_5fa517042fb5e3.16670395/js/orangehrm.marketplace.js HTTP/1.1" 200 136
::1 - - [10/Dec/2020:00:21:11 +0000] "GET /orangehrm/symfony/web/webres_5fa517042fb5e3.16670395/js/orangehrm.helper.js HTTP/1.1" 200 230
::1 - - [10/Dec/2020:00:21:11 +0000] "GET /orangehrm/symfony/web/webres_5fa517042fb5e3.16670395/themes/default/images/login/logo.png HTTP/1.1" 304 -
::1 - - [10/Dec/2020:00:21:11 +0000] "GET /orangehrm/symfony/web/webres_5fa517042fb5e3.16670395/js/fontawesome-5.13.0/js/solid.min.js HTTP/1.1" 200 203424
::1 - - [10/Dec/2020:00:21:11 +0000] "GET /orangehrm/symfony/web/webres_5fa517042fb5e3.16670395/themes/default/images/login/linkedin.png HTTP/1.1" 304 -
::1 - - [10/Dec/2020:00:21:11 +0000] "GET /orangehrm/symfony/web/webres_5fa517042fb5e3.16670395/themes/default/images/login/facebook.png HTTP/1.1" 304 -
::1 - - [10/Dec/2020:00:21:11 +0000] "GET /orangehrm/symfony/web/webres_5fa517042fb5e3.16670395/themes/default/images/login/twiter.png HTTP/1.1" 304 -
::1 - - [10/Dec/2020:00:21:11 +0000] "GET /orangehrm/symfony/web/webres_5fa517042fb5e3.16670395/themes/default/images/login/youtube.png HTTP/1.1" 304 -
::1 - - [10/Dec/2020:00:31:00 +0000] "GET /orangehrm/symfony/web/index.php/auth/login HTTP/1.1" 200 18756
::1 - - [10/Dec/2020:00:31:41 +0000] "GET /orangehrm/symfony/web/index.php/auth/login HTTP/1.1" 200 18756
::1 - - [10/Dec/2020:00:31:41 +0000] "GET /orangehrm/symfony/web/webres_5fa517042fb5e3.16670395/js/archive.js HTTP/1.1" 200 3238
::1 - - [10/Dec/2020:00:31:41 +0000] "GET /orangehrm/symfony/web/webres_5fa517042fb5e3.16670395/themes/default/css/jquery/jquery-ui-1.8.21.custom.css HTTP/1.1" 200 6094
::1 - - [10/Dec/2020:00:31:41 +0000] "GET /orangehrm/symfony/web/webres_5fa517042fb5e3.16670395/themes/default/css/jquery/jquery.autocomplete.css HTTP/1.1" 200 443
::1 - - [10/Dec/2020:00:31:41 +0000] "GET /orangehrm/symfony/web/webres_5fa517042fb5e3.16670395/themes/default/css/login.css HTTP/1.1" 200 1684
::1 - - [10/Dec/2020:00:31:41 +0000] "GET /orangehrm/symfony/web/webres_5fa517042fb5e3.16670395/js/jquery/jquery.autocomplete.js HTTP/1.1" 200 7089
::1 - - [10/Dec/2020:00:31:41 +0000] "GET /orangehrm/symfony/web/webres_5fa517042fb5e3.16670395/js/jquery/jquery.ui.datepicker.js HTTP/1.1" 200 20567
::1 - - [10/Dec/2020:00:31:41 +0000] "GET /orangehrm/symfony/web/webres_5fa517042fb5e3.16670395/js/fontawesome-5.13.0/js/solid.min.js HTTP/1.1" 200 203424
::1 - - [10/Dec/2020:00:31:41 +0000] "GET /orangehrm/symfony/web/webres_5fa517042fb5e3.16670395/themes/default/css/reset.css HTTP/1.1" 200 596
::1 - - [10/Dec/2020:00:31:41 +0000] "GET /orangehrm/symfony/web/webres_5fa517042fb5e3.16670395/themes/default/css/main.css HTTP/1.1" 200 6998
::1 - - [10/Dec/2020:00:31:41 +0000] "GET /orangehrm/symfony/web/webres_5fa517042fb5e3.16670395/js/jquery/jquery.form.js HTTP/1.1" 200 7077
::1 - - [10/Dec/2020:00:31:41 +0000] "GET /orangehrm/symfony/web/webres_5fa517042fb5e3.16670395/js/jquery/jquery.tipTip.minified.js HTTP/1.1" 200 1705
::1 - - [10/Dec/2020:00:31:41 +0000] "GET /orangehrm/symfony/web/webres_5fa517042fb5e3.16670395/js/orangehrm.autocomplete.js HTTP/1.1" 200 374
::1 - - [10/Dec/2020:00:31:41 +0000] "GET /orangehrm/symfony/web/webres_5fa517042fb5e3.16670395/js/jquery/jquery.ui.core.js HTTP/1.1" 200 4426
::1 - - [10/Dec/2020:00:31:41 +0000] "GET /orangehrm/symfony/web/webres_5fa517042fb5e3.16670395/js/jquery/validate/jquery.validate.js HTTP/1.1" 200 10222
::1 - - [10/Dec/2020:00:31:41 +0000] "GET /orangehrm/symfony/web/webres_5fa517042fb5e3.16670395/js/jquery/jquery-3.4.1.min.js HTTP/1.1" 200 30677
::1 - - [10/Dec/2020:00:31:41 +0000] "GET /orangehrm/symfony/web/webres_5fa517042fb5e3.16670395/js/fontawesome-5.13.0/js/fontawesome.min.js HTTP/1.1" 200 12970
::1 - - [10/Dec/2020:00:31:41 +0000] "GET /orangehrm/symfony/web/webres_5fa517042fb5e3.16670395/js/jquery/bootstrap-modal.js HTTP/1.1" 200 1858
::1 - - [10/Dec/2020:00:31:41 +0000] "GET /orangehrm/symfony/web/webres_5fa517042fb5e3.16670395/js/jquery/jquery.clickoutside.js HTTP/1.1" 200 332
::1 - - [10/Dec/2020:00:31:41 +0000] "GET /orangehrm/symfony/web/webres_5fa517042fb5e3.16670395/js/orangehrm.validate.js HTTP/1.1" 200 2164
::1 - - [10/Dec/2020:00:31:41 +0000] "GET /orangehrm/symfony/web/webres_5fa517042fb5e3.16670395/js/orangehrm.marketplace.js HTTP/1.1" 200 136
::1 - - [10/Dec/2020:00:31:41 +0000] "GET /orangehrm/symfony/web/webres_5fa517042fb5e3.16670395/js/fontawesome-5.13.0/js/regular.min.js HTTP/1.1" 200 32716
::1 - - [10/Dec/2020:00:31:41 +0000] "GET /orangehrm/symfony/web/webres_5fa517042fb5e3.16670395/js/orangehrm.helper.js HTTP/1.1" 200 230
::1 - - [10/Dec/2020:00:31:41 +0000] "GET /orangehrm/symfony/web/webres_5fa517042fb5e3.16670395/themes/default/css/tipTip.css HTTP/1.1" 200 680
::1 - - [10/Dec/2020:00:31:42 +0000] "GET /orangehrm/symfony/web/webres_5fa517042fb5e3.16670395/themes/default/images/login/logo.png HTTP/1.1" 304 -
::1 - - [10/Dec/2020:00:31:42 +0000] "GET /orangehrm/symfony/web/webres_5fa517042fb5e3.16670395/themes/default/images/login/linkedin.png HTTP/1.1" 304 -
::1 - - [10/Dec/2020:00:31:42 +0000] "GET /orangehrm/symfony/web/webres_5fa517042fb5e3.16670395/themes/default/images/login/facebook.png HTTP/1.1" 304 -
::1 - - [10/Dec/2020:00:31:42 +0000] "GET /orangehrm/symfony/web/webres_5fa517042fb5e3.16670395/themes/default/images/login/twiter.png HTTP/1.1" 304 -
::1 - - [10/Dec/2020:00:31:42 +0000] "GET /orangehrm/symfony/web/webres_5fa517042fb5e3.16670395/themes/default/images/login/youtube.png HTTP/1.1" 304 -
