[Mon Nov 23 22:12:26.182427 2020] [ssl:warn] [pid 5288:tid 524] AH01909: localhost:448:0 server certificate does NOT include an ID which matches the server name
[Mon Nov 23 22:12:26.229301 2020] [ssl:warn] [pid 5288:tid 524] AH01909: localhost:448:0 server certificate does NOT include an ID which matches the server name
[Mon Nov 23 22:12:26.416749 2020] [mpm_winnt:notice] [pid 5288:tid 524] AH00455: Apache/2.4.46 (Win64) OpenSSL/1.1.1h PHP/7.3.24 configured -- resuming normal operations
[Mon Nov 23 22:12:26.416749 2020] [mpm_winnt:notice] [pid 5288:tid 524] AH00456: Apache Lounge VC15 Server built: Oct  3 2020 12:58:33
[Mon Nov 23 22:12:26.416749 2020] [core:notice] [pid 5288:tid 524] AH00094: Command line: 'C:\\xampp\\htdocs\\MIS\\CiviCRM\\apache2\\bin\\httpd.exe -d C:/xampp/htdocs/MIS/CiviCRM/apache2 -f C:\\xampp\\htdocs\\MIS\\CiviCRM\\apache2\\conf\\httpd.conf'
[Mon Nov 23 22:12:26.416749 2020] [mpm_winnt:notice] [pid 5288:tid 524] AH00418: Parent: Created child process 6928
[Mon Nov 23 22:12:26.729301 2020] [ssl:warn] [pid 6928:tid 500] AH01909: localhost:448:0 server certificate does NOT include an ID which matches the server name
[Mon Nov 23 22:12:26.776178 2020] [ssl:warn] [pid 6928:tid 500] AH01909: localhost:448:0 server certificate does NOT include an ID which matches the server name
[Mon Nov 23 22:12:26.807428 2020] [mpm_winnt:notice] [pid 6928:tid 500] AH00354: Child: Starting 64 worker threads.
[Mon Nov 23 22:12:34.338423 2020] [mpm_winnt:notice] [pid 5288:tid 524] AH00422: Parent: Received shutdown signal -- Shutting down the server.
[Mon Nov 23 22:12:36.369608 2020] [mpm_winnt:notice] [pid 6928:tid 500] AH00364: Child: All worker threads have exited.
[Mon Nov 23 22:12:36.400864 2020] [mpm_winnt:notice] [pid 5288:tid 524] AH00430: Parent: Child process 6928 exited successfully.
[Mon Nov 23 22:12:38.291411 2020] [ssl:warn] [pid 7512:tid 552] AH01909: localhost:448:0 server certificate does NOT include an ID which matches the server name
[Mon Nov 23 22:12:38.338286 2020] [ssl:warn] [pid 7512:tid 552] AH01909: localhost:448:0 server certificate does NOT include an ID which matches the server name
[Mon Nov 23 22:12:38.353912 2020] [mpm_winnt:notice] [pid 7512:tid 552] AH00455: Apache/2.4.46 (Win64) OpenSSL/1.1.1h PHP/7.3.24 configured -- resuming normal operations
[Mon Nov 23 22:12:38.353912 2020] [mpm_winnt:notice] [pid 7512:tid 552] AH00456: Apache Lounge VC15 Server built: Oct  3 2020 12:58:33
[Mon Nov 23 22:12:38.353912 2020] [core:notice] [pid 7512:tid 552] AH00094: Command line: 'C:\\xampp\\htdocs\\MIS\\CiviCRM\\apache2\\bin\\httpd.exe -d C:/xampp/htdocs/MIS/CiviCRM/apache2 -f C:\\xampp\\htdocs\\MIS\\CiviCRM\\apache2\\conf\\httpd.conf'
[Mon Nov 23 22:12:38.353912 2020] [mpm_winnt:notice] [pid 7512:tid 552] AH00418: Parent: Created child process 7560
[Mon Nov 23 22:12:38.650785 2020] [ssl:warn] [pid 7560:tid 484] AH01909: localhost:448:0 server certificate does NOT include an ID which matches the server name
[Mon Nov 23 22:12:38.697662 2020] [ssl:warn] [pid 7560:tid 484] AH01909: localhost:448:0 server certificate does NOT include an ID which matches the server name
[Mon Nov 23 22:12:38.713292 2020] [mpm_winnt:notice] [pid 7560:tid 484] AH00354: Child: Starting 64 worker threads.
[Mon Nov 23 22:20:34.087776 2020] [mpm_winnt:notice] [pid 7512:tid 552] AH00422: Parent: Received shutdown signal -- Shutting down the server.
[Mon Nov 23 22:20:36.118961 2020] [mpm_winnt:notice] [pid 7560:tid 484] AH00364: Child: All worker threads have exited.
[Mon Nov 23 22:20:36.165835 2020] [mpm_winnt:notice] [pid 7512:tid 552] AH00430: Parent: Child process 7560 exited successfully.
[Mon Nov 23 22:21:11.367790 2020] [ssl:warn] [pid 5384:tid 556] AH01909: localhost:448:0 server certificate does NOT include an ID which matches the server name
[Mon Nov 23 22:21:11.430289 2020] [ssl:warn] [pid 5384:tid 556] AH01909: localhost:448:0 server certificate does NOT include an ID which matches the server name
[Mon Nov 23 22:21:11.727199 2020] [mpm_winnt:notice] [pid 5384:tid 556] AH00455: Apache/2.4.46 (Win64) OpenSSL/1.1.1h PHP/7.3.24 configured -- resuming normal operations
[Mon Nov 23 22:21:11.727199 2020] [mpm_winnt:notice] [pid 5384:tid 556] AH00456: Apache Lounge VC15 Server built: Oct  3 2020 12:58:33
[Mon Nov 23 22:21:11.727199 2020] [core:notice] [pid 5384:tid 556] AH00094: Command line: 'C:\\xampp\\htdocs\\MIS\\CiviCRM\\apache2\\bin\\httpd.exe -d C:/xampp/htdocs/MIS/CiviCRM/apache2 -f C:\\xampp\\htdocs\\MIS\\CiviCRM\\apache2\\conf\\httpd.conf'
[Mon Nov 23 22:21:11.727199 2020] [mpm_winnt:notice] [pid 5384:tid 556] AH00418: Parent: Created child process 5236
[Mon Nov 23 22:21:12.117801 2020] [ssl:warn] [pid 5236:tid 508] AH01909: localhost:448:0 server certificate does NOT include an ID which matches the server name
[Mon Nov 23 22:21:12.164693 2020] [ssl:warn] [pid 5236:tid 508] AH01909: localhost:448:0 server certificate does NOT include an ID which matches the server name
[Mon Nov 23 22:21:12.211508 2020] [mpm_winnt:notice] [pid 5236:tid 508] AH00354: Child: Starting 64 worker threads.
[Thu Nov 26 19:11:01.734989 2020] [ssl:warn] [pid 2120:tid 604] AH01909: localhost:448:0 server certificate does NOT include an ID which matches the server name
[Thu Nov 26 19:11:02.007988 2020] [core:warn] [pid 2120:tid 604] AH00098: pid file C:/xampp/htdocs/MIS/CiviCRM/apache2/logs/httpd.pid overwritten -- Unclean shutdown of previous Apache run?
[Thu Nov 26 19:11:02.009989 2020] [ssl:warn] [pid 2120:tid 604] AH01909: localhost:448:0 server certificate does NOT include an ID which matches the server name
[Thu Nov 26 19:11:02.591341 2020] [mpm_winnt:notice] [pid 2120:tid 604] AH00455: Apache/2.4.46 (Win64) OpenSSL/1.1.1h PHP/7.3.24 configured -- resuming normal operations
[Thu Nov 26 19:11:02.591341 2020] [mpm_winnt:notice] [pid 2120:tid 604] AH00456: Apache Lounge VC15 Server built: Oct  3 2020 12:58:33
[Thu Nov 26 19:11:02.591341 2020] [core:notice] [pid 2120:tid 604] AH00094: Command line: 'C:\\xampp\\htdocs\\MIS\\CiviCRM\\apache2\\bin\\httpd.exe -d C:/xampp/htdocs/MIS/CiviCRM/apache2 -f C:\\xampp\\htdocs\\MIS\\CiviCRM\\apache2\\conf\\httpd.conf'
[Thu Nov 26 19:11:02.591341 2020] [mpm_winnt:notice] [pid 2120:tid 604] AH00418: Parent: Created child process 3016
[Thu Nov 26 19:11:04.013200 2020] [ssl:warn] [pid 3016:tid 496] AH01909: localhost:448:0 server certificate does NOT include an ID which matches the server name
[Thu Nov 26 19:11:04.169434 2020] [ssl:warn] [pid 3016:tid 496] AH01909: localhost:448:0 server certificate does NOT include an ID which matches the server name
[Thu Nov 26 19:11:04.185063 2020] [mpm_winnt:notice] [pid 3016:tid 496] AH00354: Child: Starting 64 worker threads.
[Sat Dec 05 14:29:55.103128 2020] [mpm_winnt:notice] [pid 2120:tid 604] AH00422: Parent: Received shutdown signal -- Shutting down the server.
[Sat Dec 05 14:29:57.105124 2020] [mpm_winnt:notice] [pid 3016:tid 496] AH00364: Child: All worker threads have exited.
[Sat Dec 05 14:29:57.162121 2020] [mpm_winnt:notice] [pid 2120:tid 604] AH00430: Parent: Child process 3016 exited successfully.
[Sat Dec 05 21:04:12.867004 2020] [ssl:warn] [pid 7384:tid 104] AH01909: localhost:448:0 server certificate does NOT include an ID which matches the server name
[Sat Dec 05 21:04:12.942006 2020] [ssl:warn] [pid 7384:tid 104] AH01909: localhost:448:0 server certificate does NOT include an ID which matches the server name
[Thu Dec 10 12:36:25.030714 2020] [ssl:warn] [pid 2008:tid 556] AH01909: localhost:448:0 server certificate does NOT include an ID which matches the server name
[Thu Dec 10 12:36:25.296715 2020] [core:warn] [pid 2008:tid 556] AH00098: pid file C:/xampp/htdocs/MIS/CiviCRM/apache2/logs/httpd.pid overwritten -- Unclean shutdown of previous Apache run?
[Thu Dec 10 12:36:25.301713 2020] [ssl:warn] [pid 2008:tid 556] AH01909: localhost:448:0 server certificate does NOT include an ID which matches the server name
[Thu Dec 10 12:43:58.707215 2020] [ssl:warn] [pid 7620:tid 552] AH01909: localhost:448:0 server certificate does NOT include an ID which matches the server name
[Thu Dec 10 12:43:58.754075 2020] [core:warn] [pid 7620:tid 552] AH00098: pid file C:/xampp/htdocs/MIS/CiviCRM/apache2/logs/httpd.pid overwritten -- Unclean shutdown of previous Apache run?
[Thu Dec 10 12:43:58.754075 2020] [ssl:warn] [pid 7620:tid 552] AH01909: localhost:448:0 server certificate does NOT include an ID which matches the server name
[Tue Dec 15 11:52:34.568391 2020] [ssl:warn] [pid 1540:tid 556] AH01909: localhost:448:0 server certificate does NOT include an ID which matches the server name
[Tue Dec 15 11:52:34.665396 2020] [core:warn] [pid 1540:tid 556] AH00098: pid file C:/xampp/htdocs/MIS/CiviCRM/apache2/logs/httpd.pid overwritten -- Unclean shutdown of previous Apache run?
[Tue Dec 15 11:52:34.667394 2020] [ssl:warn] [pid 1540:tid 556] AH01909: localhost:448:0 server certificate does NOT include an ID which matches the server name
