127.0.0.1 - - [23/Nov/2020:19:44:44 +0000] "GET / HTTP/1.1" 200 2897
127.0.0.1 - - [23/Nov/2020:19:44:46 +0000] "GET /stylesheets/tribute-3.7.3.css?1586192449 HTTP/1.1" 200 276
127.0.0.1 - - [23/Nov/2020:19:44:46 +0000] "GET /stylesheets/responsive.css?1586192449 HTTP/1.1" 200 4905
127.0.0.1 - - [23/Nov/2020:19:44:46 +0000] "GET /javascripts/tribute-3.7.3.min.js?1586192448 HTTP/1.1" 200 8962
127.0.0.1 - - [23/Nov/2020:19:44:46 +0000] "GET /javascripts/application.js?1586192448 HTTP/1.1" 200 7951
127.0.0.1 - - [23/Nov/2020:19:44:46 +0000] "GET /themes/circle/javascripts/theme.js?1466610235 HTTP/1.1" 200 682
127.0.0.1 - - [23/Nov/2020:19:44:46 +0000] "GET /stylesheets/jquery/jquery-ui-1.11.0.css?1586192448 HTTP/1.1" 200 5481
127.0.0.1 - - [23/Nov/2020:19:44:46 +0000] "GET /themes/circle/stylesheets/application.css?1466610235 HTTP/1.1" 200 4350
127.0.0.1 - - [23/Nov/2020:19:44:46 +0000] "GET /plugin_assets/redmine_agile/stylesheets/redmine_agile.css?1606160535 HTTP/1.1" 200 3687
127.0.0.1 - - [23/Nov/2020:19:44:46 +0000] "GET /javascripts/responsive.js?1586192449 HTTP/1.1" 200 678
127.0.0.1 - - [23/Nov/2020:19:44:46 +0000] "GET /stylesheets/application.css HTTP/1.1" 200 15510
127.0.0.1 - - [23/Nov/2020:19:44:46 +0000] "GET /javascripts/jquery-2.2.4-ui-1.11.0-ujs-5.2.3.js?1586192448 HTTP/1.1" 200 100123
127.0.0.1 - - [23/Nov/2020:19:44:46 +0000] "GET /images/arrow_down.png HTTP/1.1" 200 257
127.0.0.1 - - [23/Nov/2020:19:44:46 +0000] "GET /themes/circle/images/logo.png HTTP/1.1" 200 1106
127.0.0.1 - - [23/Nov/2020:19:44:46 +0000] "GET /favicon.ico?1586192449 HTTP/1.1" 200 7886
::1 - - [23/Nov/2020:19:45:01 +0000] "GET / HTTP/1.1" 200 2891
::1 - - [23/Nov/2020:19:45:03 +0000] "GET /stylesheets/tribute-3.7.3.css?1586192449 HTTP/1.1" 200 276
::1 - - [23/Nov/2020:19:45:03 +0000] "GET /stylesheets/responsive.css?1586192449 HTTP/1.1" 200 4905
::1 - - [23/Nov/2020:19:45:03 +0000] "GET /stylesheets/jquery/jquery-ui-1.11.0.css?1586192448 HTTP/1.1" 200 5514
::1 - - [23/Nov/2020:19:45:03 +0000] "GET /themes/circle/stylesheets/application.css?1466610235 HTTP/1.1" 200 4318
::1 - - [23/Nov/2020:19:45:03 +0000] "GET /plugin_assets/redmine_agile/stylesheets/redmine_agile.css?1606160535 HTTP/1.1" 200 3687
::1 - - [23/Nov/2020:19:45:03 +0000] "GET /javascripts/application.js?1586192448 HTTP/1.1" 200 7983
::1 - - [23/Nov/2020:19:45:03 +0000] "GET /themes/circle/javascripts/theme.js?1466610235 HTTP/1.1" 200 682
::1 - - [23/Nov/2020:19:45:03 +0000] "GET /javascripts/tribute-3.7.3.min.js?1586192448 HTTP/1.1" 200 8962
::1 - - [23/Nov/2020:19:45:03 +0000] "GET /javascripts/responsive.js?1586192449 HTTP/1.1" 200 678
::1 - - [23/Nov/2020:19:45:03 +0000] "GET /stylesheets/application.css HTTP/1.1" 200 15510
::1 - - [23/Nov/2020:19:45:03 +0000] "GET /javascripts/jquery-2.2.4-ui-1.11.0-ujs-5.2.3.js?1586192448 HTTP/1.1" 200 100199
::1 - - [23/Nov/2020:19:45:03 +0000] "GET /images/arrow_down.png HTTP/1.1" 200 257
::1 - - [23/Nov/2020:19:45:03 +0000] "GET /themes/circle/images/logo.png HTTP/1.1" 200 1106
::1 - - [23/Nov/2020:19:45:03 +0000] "GET /favicon.ico?1586192449 HTTP/1.1" 200 7886
::1 - - [23/Nov/2020:19:50:43 +0000] "GET / HTTP/1.1" 200 2891
::1 - - [23/Nov/2020:19:50:43 +0000] "GET /plugin_assets/redmine_agile/stylesheets/redmine_agile.css?1606160535 HTTP/1.1" 304 -
::1 - - [23/Nov/2020:19:50:43 +0000] "GET /javascripts/tribute.min.js.map HTTP/1.1" 200 28654
::1 - - [23/Nov/2020:20:26:20 +0000] "GET /projects HTTP/1.1" 200 4977
::1 - - [23/Nov/2020:20:26:20 +0000] "GET /plugin_assets/redmine_agile/stylesheets/redmine_agile.css?1606160535 HTTP/1.1" 304 -
::1 - - [23/Nov/2020:20:26:20 +0000] "GET /javascripts/i18n/datepicker-en-GB.js?1586192448 HTTP/1.1" 200 599
::1 - - [23/Nov/2020:20:26:20 +0000] "GET /images/arrow_right.png HTTP/1.1" 200 287
::1 - - [23/Nov/2020:20:26:20 +0000] "GET /themes/circle/images/select.png HTTP/1.1" 200 296
::1 - - [23/Nov/2020:20:26:20 +0000] "GET /images/bullet_toggle_plus.png HTTP/1.1" 200 136
::1 - - [23/Nov/2020:20:26:20 +0000] "GET /images/feed.png HTTP/1.1" 200 427
::1 - - [23/Nov/2020:20:26:20 +0000] "GET /images/toggle_check.png HTTP/1.1" 200 262
::1 - - [23/Nov/2020:20:26:20 +0000] "GET /images/reload.png HTTP/1.1" 200 549
::1 - - [23/Nov/2020:20:26:27 +0000] "GET /images/bullet_toggle_minus.png HTTP/1.1" 200 121
::1 - - [23/Nov/2020:21:11:26 +0000] "GET / HTTP/1.1" 200 2892
::1 - - [23/Nov/2020:21:11:26 +0000] "GET /plugin_assets/redmine_agile/stylesheets/redmine_agile.css?1606160535 HTTP/1.1" 304 -
::1 - - [23/Nov/2020:21:19:20 +0000] "GET / HTTP/1.1" 200 2888
::1 - - [23/Nov/2020:21:19:26 +0000] "GET / HTTP/1.1" 200 2891
::1 - - [23/Nov/2020:21:19:35 +0000] "GET / HTTP/1.1" 200 2889
::1 - - [23/Nov/2020:21:30:24 +0000] "GET / HTTP/1.1" 200 2889
::1 - - [23/Nov/2020:21:30:24 +0000] "GET /plugin_assets/redmine_agile/stylesheets/redmine_agile.css?1606160535 HTTP/1.1" 304 -
::1 - - [26/Nov/2020:12:07:32 +0000] "GET / HTTP/1.1" 200 2890
::1 - - [26/Nov/2020:12:07:33 +0000] "GET /plugin_assets/redmine_agile/stylesheets/redmine_agile.css?1606160535 HTTP/1.1" 304 -
::1 - - [26/Nov/2020:12:37:28 +0000] "GET / HTTP/1.1" 200 2889
::1 - - [26/Nov/2020:23:03:05 +0000] "GET / HTTP/1.1" 200 2893
::1 - - [26/Nov/2020:23:03:09 +0000] "GET /stylesheets/tribute-3.7.3.css?1586192449 HTTP/1.1" 200 276
::1 - - [26/Nov/2020:23:03:09 +0000] "GET /stylesheets/jquery/jquery-ui-1.11.0.css?1586192448 HTTP/1.1" 200 5514
::1 - - [26/Nov/2020:23:03:09 +0000] "GET /stylesheets/responsive.css?1586192449 HTTP/1.1" 200 4905
::1 - - [26/Nov/2020:23:03:09 +0000] "GET /themes/circle/stylesheets/application.css?1466610235 HTTP/1.1" 200 4318
::1 - - [26/Nov/2020:23:03:09 +0000] "GET /plugin_assets/redmine_agile/stylesheets/redmine_agile.css?1606160535 HTTP/1.1" 200 3687
::1 - - [26/Nov/2020:23:03:09 +0000] "GET /stylesheets/application.css HTTP/1.1" 200 15510
::1 - - [26/Nov/2020:23:03:10 +0000] "GET /javascripts/application.js?1586192448 HTTP/1.1" 200 7951
::1 - - [26/Nov/2020:23:03:10 +0000] "GET /javascripts/responsive.js?1586192449 HTTP/1.1" 200 678
::1 - - [26/Nov/2020:23:03:10 +0000] "GET /javascripts/tribute-3.7.3.min.js?1586192448 HTTP/1.1" 200 8941
::1 - - [26/Nov/2020:23:03:09 +0000] "GET /javascripts/jquery-2.2.4-ui-1.11.0-ujs-5.2.3.js?1586192448 HTTP/1.1" 200 100469
::1 - - [26/Nov/2020:23:03:10 +0000] "GET /themes/circle/javascripts/theme.js?1466610235 HTTP/1.1" 200 682
::1 - - [26/Nov/2020:23:03:10 +0000] "GET /themes/circle/images/logo.png HTTP/1.1" 200 1106
::1 - - [26/Nov/2020:23:03:10 +0000] "GET /images/arrow_down.png HTTP/1.1" 200 257
::1 - - [26/Nov/2020:23:04:03 +0000] "GET / HTTP/1.1" 200 2893
::1 - - [26/Nov/2020:23:04:22 +0000] "GET /projects HTTP/1.1" 200 4978
::1 - - [26/Nov/2020:23:04:25 +0000] "GET /javascripts/i18n/datepicker-en-GB.js?1586192448 HTTP/1.1" 200 599
::1 - - [26/Nov/2020:23:04:25 +0000] "GET /themes/circle/images/select.png HTTP/1.1" 200 296
::1 - - [26/Nov/2020:23:04:25 +0000] "GET /images/arrow_right.png HTTP/1.1" 200 287
::1 - - [26/Nov/2020:23:04:25 +0000] "GET /images/reload.png HTTP/1.1" 200 549
::1 - - [26/Nov/2020:23:04:25 +0000] "GET /images/bullet_toggle_plus.png HTTP/1.1" 200 136
::1 - - [26/Nov/2020:23:04:25 +0000] "GET /images/toggle_check.png HTTP/1.1" 200 262
::1 - - [26/Nov/2020:23:04:25 +0000] "GET /images/feed.png HTTP/1.1" 200 427
::1 - - [03/Dec/2020:11:33:23 +0000] "GET / HTTP/1.1" 200 2892
::1 - - [03/Dec/2020:11:33:23 +0000] "GET /stylesheets/tribute-3.7.3.css?1586192449 HTTP/1.1" 200 276
::1 - - [03/Dec/2020:11:33:23 +0000] "GET /plugin_assets/redmine_agile/stylesheets/redmine_agile.css?1606160535 HTTP/1.1" 200 3687
::1 - - [03/Dec/2020:11:33:23 +0000] "GET /themes/circle/stylesheets/application.css?1466610235 HTTP/1.1" 200 4318
::1 - - [03/Dec/2020:11:33:23 +0000] "GET /javascripts/application.js?1586192448 HTTP/1.1" 200 7951
::1 - - [03/Dec/2020:11:33:23 +0000] "GET /stylesheets/application.css HTTP/1.1" 200 15510
::1 - - [03/Dec/2020:11:33:23 +0000] "GET /stylesheets/jquery/jquery-ui-1.11.0.css?1586192448 HTTP/1.1" 200 5481
::1 - - [03/Dec/2020:11:33:23 +0000] "GET /stylesheets/responsive.css?1586192449 HTTP/1.1" 200 4905
::1 - - [03/Dec/2020:11:33:23 +0000] "GET /javascripts/responsive.js?1586192449 HTTP/1.1" 200 678
::1 - - [03/Dec/2020:11:33:23 +0000] "GET /themes/circle/javascripts/theme.js?1466610235 HTTP/1.1" 200 682
::1 - - [03/Dec/2020:11:33:23 +0000] "GET /javascripts/tribute-3.7.3.min.js?1586192448 HTTP/1.1" 200 8941
::1 - - [03/Dec/2020:11:33:23 +0000] "GET /javascripts/jquery-2.2.4-ui-1.11.0-ujs-5.2.3.js?1586192448 HTTP/1.1" 200 100210
::1 - - [03/Dec/2020:11:33:23 +0000] "GET /themes/circle/images/logo.png HTTP/1.1" 200 1106
::1 - - [03/Dec/2020:11:33:23 +0000] "GET /images/arrow_down.png HTTP/1.1" 200 257
::1 - - [03/Dec/2020:11:33:24 +0000] "GET /favicon.ico?1586192449 HTTP/1.1" 200 7886
::1 - - [03/Dec/2020:11:33:25 +0000] "GET /projects HTTP/1.1" 200 4977
::1 - - [03/Dec/2020:11:33:26 +0000] "GET /javascripts/i18n/datepicker-en-GB.js?1586192448 HTTP/1.1" 200 599
::1 - - [03/Dec/2020:11:33:26 +0000] "GET /images/arrow_right.png HTTP/1.1" 200 287
::1 - - [03/Dec/2020:11:33:26 +0000] "GET /themes/circle/images/select.png HTTP/1.1" 200 296
::1 - - [03/Dec/2020:11:33:26 +0000] "GET /images/toggle_check.png HTTP/1.1" 200 262
::1 - - [03/Dec/2020:11:33:26 +0000] "GET /images/feed.png HTTP/1.1" 200 427
::1 - - [03/Dec/2020:11:33:26 +0000] "GET /images/reload.png HTTP/1.1" 200 549
::1 - - [03/Dec/2020:11:33:26 +0000] "GET /images/bullet_toggle_plus.png HTTP/1.1" 200 136
::1 - - [03/Dec/2020:11:33:29 +0000] "GET /activity HTTP/1.1" 200 3467
::1 - - [03/Dec/2020:11:33:30 +0000] "GET /projects HTTP/1.1" 200 4977
::1 - - [03/Dec/2020:11:33:37 +0000] "GET / HTTP/1.1" 200 2894
::1 - - [03/Dec/2020:11:33:38 +0000] "GET /projects HTTP/1.1" 200 4981
::1 - - [03/Dec/2020:11:33:41 +0000] "GET /activity HTTP/1.1" 200 3468
::1 - - [03/Dec/2020:11:44:27 +0000] "GET / HTTP/1.1" 200 2893
::1 - - [03/Dec/2020:11:44:30 +0000] "GET /projects HTTP/1.1" 200 4981
::1 - - [03/Dec/2020:11:44:40 +0000] "GET /projects HTTP/1.1" 200 4980
::1 - - [03/Dec/2020:11:52:08 +0000] "GET / HTTP/1.1" 200 2891
::1 - - [05/Dec/2020:14:54:49 +0000] "GET / HTTP/1.1" 503 -
::1 - - [05/Dec/2020:14:54:54 +0000] "GET /favicon.ico HTTP/1.1" 503 -
::1 - - [05/Dec/2020:14:55:19 +0000] "GET / HTTP/1.1" 200 2891
::1 - - [05/Dec/2020:14:55:22 +0000] "GET /plugin_assets/redmine_agile/stylesheets/redmine_agile.css?1606160535 HTTP/1.1" 304 -
::1 - - [10/Dec/2020:00:30:59 +0000] "GET / HTTP/1.1" 200 2893
::1 - - [10/Dec/2020:00:31:01 +0000] "GET /plugin_assets/redmine_agile/stylesheets/redmine_agile.css?1606160535 HTTP/1.1" 304 -
