127.0.0.1 - - [23/Nov/2020:21:21:20 +0000] "GET / HTTP/1.1" 200 802
127.0.0.1 - - [23/Nov/2020:21:21:20 +0000] "GET /img/bitnami.png HTTP/1.1" 200 3738
127.0.0.1 - - [23/Nov/2020:21:21:20 +0000] "GET /bitnami.css HTTP/1.1" 200 698
127.0.0.1 - - [23/Nov/2020:21:21:20 +0000] "GET /img/dokuwiki.png HTTP/1.1" 200 5265
127.0.0.1 - - [23/Nov/2020:21:21:20 +0000] "GET /img/header_bg.png HTTP/1.1" 200 147
127.0.0.1 - - [23/Nov/2020:21:21:20 +0000] "GET /img/sub_header_bg.png HTTP/1.1" 200 146
127.0.0.1 - - [23/Nov/2020:21:21:20 +0000] "GET /favicon.ico HTTP/1.1" 200 1150
127.0.0.1 - - [23/Nov/2020:21:21:23 +0000] "GET /dokuwiki/ HTTP/1.1" 302 -
127.0.0.1 - - [23/Nov/2020:21:21:24 +0000] "GET /dokuwiki/doku.php HTTP/1.1" 200 3460
127.0.0.1 - - [23/Nov/2020:21:21:24 +0000] "GET /dokuwiki/lib/exe/jquery.php?tseed=34a552433bc33cc9c3bc32527289a0b2 HTTP/1.1" 200 98212
127.0.0.1 - - [23/Nov/2020:21:21:24 +0000] "GET /dokuwiki/lib/exe/js.php?t=dokuwiki&tseed=e29149753aed8d585d8593ad795cce5c HTTP/1.1" 200 26801
127.0.0.1 - - [23/Nov/2020:21:21:24 +0000] "GET /dokuwiki/lib/tpl/dokuwiki/images/logo.png HTTP/1.1" 200 3744
127.0.0.1 - - [23/Nov/2020:21:21:24 +0000] "GET /dokuwiki/lib/images/license/button/cc-by-nc-sa.png HTTP/1.1" 200 396
127.0.0.1 - - [23/Nov/2020:21:21:24 +0000] "GET /dokuwiki/lib/tpl/dokuwiki/images/button-donate.gif HTTP/1.1" 200 187
127.0.0.1 - - [23/Nov/2020:21:21:24 +0000] "GET /dokuwiki/lib/tpl/dokuwiki/images/button-php.gif HTTP/1.1" 200 207
127.0.0.1 - - [23/Nov/2020:21:21:24 +0000] "GET /dokuwiki/lib/tpl/dokuwiki/images/button-html5.png HTTP/1.1" 200 305
127.0.0.1 - - [23/Nov/2020:21:21:24 +0000] "GET /dokuwiki/lib/tpl/dokuwiki/images/button-css.png HTTP/1.1" 200 297
127.0.0.1 - - [23/Nov/2020:21:21:24 +0000] "GET /dokuwiki/lib/tpl/dokuwiki/images/button-dw.png HTTP/1.1" 200 398
127.0.0.1 - - [23/Nov/2020:21:21:24 +0000] "GET /dokuwiki/lib/exe/taskrunner.php?id=start&1606166484 HTTP/1.1" 200 42
127.0.0.1 - - [23/Nov/2020:21:21:24 +0000] "GET /dokuwiki/lib/exe/css.php?t=dokuwiki&tseed=e29149753aed8d585d8593ad795cce5c HTTP/1.1" 200 37454
127.0.0.1 - - [23/Nov/2020:21:21:25 +0000] "GET /dokuwiki/lib/tpl/dokuwiki/images/favicon.ico HTTP/1.1" 200 7406
127.0.0.1 - - [23/Nov/2020:21:21:25 +0000] "GET /dokuwiki/lib/exe/manifest.php HTTP/1.1" 200 330
127.0.0.1 - - [23/Nov/2020:21:21:25 +0000] "GET /dokuwiki/lib/exe/fetch.php?media=wiki:dokuwiki.svg HTTP/1.1" 200 24200
::1 - - [23/Nov/2020:21:30:28 +0000] "GET /dokuwiki/doku.php HTTP/1.1" 200 3461
::1 - - [23/Nov/2020:21:30:28 +0000] "GET /dokuwiki/lib/exe/jquery.php?tseed=34a552433bc33cc9c3bc32527289a0b2 HTTP/1.1" 200 98212
::1 - - [23/Nov/2020:21:30:28 +0000] "GET /dokuwiki/lib/exe/js.php?t=dokuwiki&tseed=e29149753aed8d585d8593ad795cce5c HTTP/1.1" 200 26801
::1 - - [23/Nov/2020:21:30:28 +0000] "GET /dokuwiki/lib/tpl/dokuwiki/images/logo.png HTTP/1.1" 200 3744
::1 - - [23/Nov/2020:21:30:28 +0000] "GET /dokuwiki/lib/images/license/button/cc-by-nc-sa.png HTTP/1.1" 200 396
::1 - - [23/Nov/2020:21:30:28 +0000] "GET /dokuwiki/lib/tpl/dokuwiki/images/button-donate.gif HTTP/1.1" 200 187
::1 - - [23/Nov/2020:21:30:28 +0000] "GET /dokuwiki/lib/tpl/dokuwiki/images/button-php.gif HTTP/1.1" 200 207
::1 - - [23/Nov/2020:21:30:28 +0000] "GET /dokuwiki/lib/tpl/dokuwiki/images/button-html5.png HTTP/1.1" 200 305
::1 - - [23/Nov/2020:21:30:28 +0000] "GET /dokuwiki/lib/tpl/dokuwiki/images/button-css.png HTTP/1.1" 200 297
::1 - - [23/Nov/2020:21:30:28 +0000] "GET /dokuwiki/lib/tpl/dokuwiki/images/button-dw.png HTTP/1.1" 200 398
::1 - - [23/Nov/2020:21:30:28 +0000] "GET /dokuwiki/lib/exe/taskrunner.php?id=start&1606167028 HTTP/1.1" 200 42
::1 - - [23/Nov/2020:21:30:28 +0000] "GET /dokuwiki/lib/exe/css.php?t=dokuwiki&tseed=e29149753aed8d585d8593ad795cce5c HTTP/1.1" 200 37454
::1 - - [23/Nov/2020:21:30:28 +0000] "GET /dokuwiki/lib/tpl/dokuwiki/images/favicon.ico HTTP/1.1" 200 7406
::1 - - [23/Nov/2020:21:30:28 +0000] "GET /dokuwiki/lib/exe/manifest.php HTTP/1.1" 200 330
::1 - - [23/Nov/2020:21:30:28 +0000] "GET /dokuwiki/lib/exe/fetch.php?media=wiki:dokuwiki.svg HTTP/1.1" 200 24200
::1 - - [26/Nov/2020:11:39:37 +0000] "GET /dokuwiki/doku.php HTTP/1.1" 200 3461
::1 - - [26/Nov/2020:11:39:40 +0000] "GET /dokuwiki/lib/exe/taskrunner.php?id=start&1606390780 HTTP/1.1" 200 42
::1 - - [26/Nov/2020:11:39:40 +0000] "GET /dokuwiki/lib/tpl/dokuwiki/images/favicon.ico HTTP/1.1" 200 7406
::1 - - [26/Nov/2020:11:39:40 +0000] "GET /dokuwiki/lib/exe/manifest.php HTTP/1.1" 200 330
::1 - - [26/Nov/2020:11:39:40 +0000] "GET /dokuwiki/lib/exe/fetch.php?media=wiki:dokuwiki.svg HTTP/1.1" 304 -
::1 - - [26/Nov/2020:12:08:14 +0000] "GET /dokuwiki/doku.php HTTP/1.1" 200 3460
::1 - - [26/Nov/2020:12:08:14 +0000] "GET /dokuwiki/lib/exe/jquery.php?tseed=34a552433bc33cc9c3bc32527289a0b2 HTTP/1.1" 200 98212
::1 - - [26/Nov/2020:12:08:14 +0000] "GET /dokuwiki/lib/exe/js.php?t=dokuwiki&tseed=e29149753aed8d585d8593ad795cce5c HTTP/1.1" 200 26801
::1 - - [26/Nov/2020:12:08:14 +0000] "GET /dokuwiki/lib/tpl/dokuwiki/images/logo.png HTTP/1.1" 304 -
::1 - - [26/Nov/2020:12:08:14 +0000] "GET /dokuwiki/lib/images/license/button/cc-by-nc-sa.png HTTP/1.1" 304 -
::1 - - [26/Nov/2020:12:08:14 +0000] "GET /dokuwiki/lib/tpl/dokuwiki/images/button-donate.gif HTTP/1.1" 304 -
::1 - - [26/Nov/2020:12:08:14 +0000] "GET /dokuwiki/lib/tpl/dokuwiki/images/button-php.gif HTTP/1.1" 304 -
::1 - - [26/Nov/2020:12:08:14 +0000] "GET /dokuwiki/lib/exe/css.php?t=dokuwiki&tseed=e29149753aed8d585d8593ad795cce5c HTTP/1.1" 200 37454
::1 - - [26/Nov/2020:12:08:14 +0000] "GET /dokuwiki/lib/tpl/dokuwiki/images/button-html5.png HTTP/1.1" 304 -
::1 - - [26/Nov/2020:12:08:14 +0000] "GET /dokuwiki/lib/tpl/dokuwiki/images/button-css.png HTTP/1.1" 304 -
::1 - - [26/Nov/2020:12:08:14 +0000] "GET /dokuwiki/lib/tpl/dokuwiki/images/button-dw.png HTTP/1.1" 304 -
::1 - - [26/Nov/2020:12:08:14 +0000] "GET /dokuwiki/lib/exe/taskrunner.php?id=start&1606392494 HTTP/1.1" 200 42
::1 - - [26/Nov/2020:12:08:14 +0000] "GET /dokuwiki/lib/exe/manifest.php HTTP/1.1" 200 330
::1 - - [26/Nov/2020:12:08:14 +0000] "GET /dokuwiki/lib/exe/fetch.php?media=wiki:dokuwiki.svg HTTP/1.1" 304 -
::1 - - [26/Nov/2020:12:08:31 +0000] "GET /dokuwiki/doku.php?id=start HTTP/1.1" 200 3461
::1 - - [26/Nov/2020:12:08:31 +0000] "GET /dokuwiki/lib/exe/taskrunner.php?id=start&1606392511 HTTP/1.1" 200 42
::1 - - [26/Nov/2020:12:08:31 +0000] "GET /dokuwiki/lib/exe/manifest.php HTTP/1.1" 200 330
::1 - - [26/Nov/2020:12:08:31 +0000] "GET /dokuwiki/lib/exe/fetch.php?media=wiki:dokuwiki.svg HTTP/1.1" 304 -
::1 - - [26/Nov/2020:12:37:36 +0000] "GET /dokuwiki/doku.php HTTP/1.1" 200 3460
::1 - - [26/Nov/2020:12:37:36 +0000] "GET /dokuwiki/lib/exe/css.php?t=dokuwiki&tseed=e29149753aed8d585d8593ad795cce5c HTTP/1.1" 200 37454
::1 - - [26/Nov/2020:12:37:36 +0000] "GET /dokuwiki/lib/exe/jquery.php?tseed=34a552433bc33cc9c3bc32527289a0b2 HTTP/1.1" 200 98212
::1 - - [26/Nov/2020:12:37:36 +0000] "GET /dokuwiki/lib/tpl/dokuwiki/images/logo.png HTTP/1.1" 304 -
::1 - - [26/Nov/2020:12:37:36 +0000] "GET /dokuwiki/lib/images/license/button/cc-by-nc-sa.png HTTP/1.1" 304 -
::1 - - [26/Nov/2020:12:37:36 +0000] "GET /dokuwiki/lib/tpl/dokuwiki/images/button-donate.gif HTTP/1.1" 304 -
::1 - - [26/Nov/2020:12:37:36 +0000] "GET /dokuwiki/lib/exe/js.php?t=dokuwiki&tseed=e29149753aed8d585d8593ad795cce5c HTTP/1.1" 200 26801
::1 - - [26/Nov/2020:12:37:36 +0000] "GET /dokuwiki/lib/tpl/dokuwiki/images/button-php.gif HTTP/1.1" 304 -
::1 - - [26/Nov/2020:12:37:36 +0000] "GET /dokuwiki/lib/exe/taskrunner.php?id=start&1606394256 HTTP/1.1" 200 42
::1 - - [26/Nov/2020:12:37:36 +0000] "GET /dokuwiki/lib/tpl/dokuwiki/images/button-dw.png HTTP/1.1" 304 -
::1 - - [26/Nov/2020:12:37:36 +0000] "GET /dokuwiki/lib/tpl/dokuwiki/images/button-css.png HTTP/1.1" 304 -
::1 - - [26/Nov/2020:12:37:36 +0000] "GET /dokuwiki/lib/tpl/dokuwiki/images/button-html5.png HTTP/1.1" 304 -
::1 - - [26/Nov/2020:12:37:36 +0000] "GET /dokuwiki/lib/exe/manifest.php HTTP/1.1" 200 330
::1 - - [26/Nov/2020:12:37:36 +0000] "GET /dokuwiki/lib/exe/fetch.php?media=wiki:dokuwiki.svg HTTP/1.1" 304 -
::1 - - [26/Nov/2020:23:03:07 +0000] "GET /dokuwiki/lib/exe/css.php?t=dokuwiki&tseed=e29149753aed8d585d8593ad795cce5c HTTP/1.1" 200 37454
::1 - - [26/Nov/2020:23:03:07 +0000] "GET /dokuwiki/lib/exe/jquery.php?tseed=34a552433bc33cc9c3bc32527289a0b2 HTTP/1.1" 200 98212
::1 - - [26/Nov/2020:23:03:03 +0000] "GET /dokuwiki/doku.php HTTP/1.1" 200 3461
::1 - - [26/Nov/2020:23:03:07 +0000] "GET /dokuwiki/lib/tpl/dokuwiki/images/logo.png HTTP/1.1" 200 3744
::1 - - [26/Nov/2020:23:03:07 +0000] "GET /dokuwiki/lib/images/license/button/cc-by-nc-sa.png HTTP/1.1" 200 396
::1 - - [26/Nov/2020:23:03:07 +0000] "GET /dokuwiki/lib/tpl/dokuwiki/images/button-donate.gif HTTP/1.1" 200 187
::1 - - [26/Nov/2020:23:03:07 +0000] "GET /dokuwiki/lib/tpl/dokuwiki/images/button-php.gif HTTP/1.1" 200 207
::1 - - [26/Nov/2020:23:03:07 +0000] "GET /dokuwiki/lib/tpl/dokuwiki/images/button-html5.png HTTP/1.1" 200 305
::1 - - [26/Nov/2020:23:03:07 +0000] "GET /dokuwiki/lib/tpl/dokuwiki/images/button-css.png HTTP/1.1" 200 297
::1 - - [26/Nov/2020:23:03:07 +0000] "GET /dokuwiki/lib/tpl/dokuwiki/images/button-dw.png HTTP/1.1" 200 398
::1 - - [26/Nov/2020:23:03:07 +0000] "GET /dokuwiki/lib/exe/js.php?t=dokuwiki&tseed=e29149753aed8d585d8593ad795cce5c HTTP/1.1" 200 26801
::1 - - [26/Nov/2020:23:03:07 +0000] "GET /dokuwiki/lib/exe/taskrunner.php?id=start&1606431787 HTTP/1.1" 200 42
::1 - - [26/Nov/2020:23:03:07 +0000] "GET /dokuwiki/lib/exe/manifest.php HTTP/1.1" 200 330
::1 - - [26/Nov/2020:23:03:07 +0000] "GET /dokuwiki/lib/exe/fetch.php?media=wiki:dokuwiki.svg HTTP/1.1" 200 24200
::1 - - [26/Nov/2020:23:04:03 +0000] "GET /dokuwiki/doku.php HTTP/1.1" 200 3460
::1 - - [26/Nov/2020:23:04:03 +0000] "GET /dokuwiki/lib/exe/css.php?t=dokuwiki&tseed=e29149753aed8d585d8593ad795cce5c HTTP/1.1" 200 37454
::1 - - [26/Nov/2020:23:04:03 +0000] "GET /dokuwiki/lib/exe/jquery.php?tseed=34a552433bc33cc9c3bc32527289a0b2 HTTP/1.1" 200 98212
::1 - - [26/Nov/2020:23:04:03 +0000] "GET /dokuwiki/lib/exe/js.php?t=dokuwiki&tseed=e29149753aed8d585d8593ad795cce5c HTTP/1.1" 200 26801
::1 - - [26/Nov/2020:23:04:03 +0000] "GET /dokuwiki/lib/tpl/dokuwiki/images/logo.png HTTP/1.1" 304 -
::1 - - [26/Nov/2020:23:04:03 +0000] "GET /dokuwiki/lib/images/license/button/cc-by-nc-sa.png HTTP/1.1" 304 -
::1 - - [26/Nov/2020:23:04:03 +0000] "GET /dokuwiki/lib/tpl/dokuwiki/images/button-donate.gif HTTP/1.1" 304 -
::1 - - [26/Nov/2020:23:04:03 +0000] "GET /dokuwiki/lib/tpl/dokuwiki/images/button-php.gif HTTP/1.1" 304 -
::1 - - [26/Nov/2020:23:04:03 +0000] "GET /dokuwiki/lib/tpl/dokuwiki/images/button-html5.png HTTP/1.1" 304 -
::1 - - [26/Nov/2020:23:04:03 +0000] "GET /dokuwiki/lib/tpl/dokuwiki/images/button-css.png HTTP/1.1" 304 -
::1 - - [26/Nov/2020:23:04:03 +0000] "GET /dokuwiki/lib/tpl/dokuwiki/images/button-dw.png HTTP/1.1" 304 -
::1 - - [26/Nov/2020:23:04:03 +0000] "GET /dokuwiki/lib/exe/taskrunner.php?id=start&1606431843 HTTP/1.1" 200 42
::1 - - [26/Nov/2020:23:04:03 +0000] "GET /dokuwiki/lib/exe/manifest.php HTTP/1.1" 200 330
::1 - - [26/Nov/2020:23:04:03 +0000] "GET /dokuwiki/lib/exe/fetch.php?media=wiki:dokuwiki.svg HTTP/1.1" 304 -
::1 - - [03/Dec/2020:11:33:01 +0000] "GET /dokuwiki/lib/exe/jquery.php?tseed=34a552433bc33cc9c3bc32527289a0b2 HTTP/1.1" 200 98212
::1 - - [03/Dec/2020:11:33:02 +0000] "GET /dokuwiki/lib/exe/js.php?t=dokuwiki&tseed=e29149753aed8d585d8593ad795cce5c HTTP/1.1" 200 26801
::1 - - [03/Dec/2020:11:33:01 +0000] "GET /dokuwiki/lib/exe/css.php?t=dokuwiki&tseed=e29149753aed8d585d8593ad795cce5c HTTP/1.1" 200 37454
::1 - - [03/Dec/2020:11:33:02 +0000] "GET /dokuwiki/lib/tpl/dokuwiki/images/logo.png HTTP/1.1" 200 3744
::1 - - [03/Dec/2020:11:33:01 +0000] "GET /dokuwiki/doku.php HTTP/1.1" 200 3461
::1 - - [03/Dec/2020:11:33:02 +0000] "GET /dokuwiki/lib/images/license/button/cc-by-nc-sa.png HTTP/1.1" 200 396
::1 - - [03/Dec/2020:11:33:02 +0000] "GET /dokuwiki/lib/tpl/dokuwiki/images/button-php.gif HTTP/1.1" 200 207
::1 - - [03/Dec/2020:11:33:02 +0000] "GET /dokuwiki/lib/tpl/dokuwiki/images/button-donate.gif HTTP/1.1" 200 187
::1 - - [03/Dec/2020:11:33:02 +0000] "GET /dokuwiki/lib/tpl/dokuwiki/images/button-html5.png HTTP/1.1" 200 305
::1 - - [03/Dec/2020:11:33:02 +0000] "GET /dokuwiki/lib/exe/taskrunner.php?id=start&1606995182 HTTP/1.1" 200 42
::1 - - [03/Dec/2020:11:33:02 +0000] "GET /dokuwiki/lib/tpl/dokuwiki/images/button-css.png HTTP/1.1" 200 297
::1 - - [03/Dec/2020:11:33:02 +0000] "GET /dokuwiki/lib/tpl/dokuwiki/images/button-dw.png HTTP/1.1" 200 398
::1 - - [03/Dec/2020:11:33:02 +0000] "GET /dokuwiki/lib/exe/manifest.php HTTP/1.1" 200 330
::1 - - [03/Dec/2020:11:33:02 +0000] "GET /dokuwiki/lib/exe/fetch.php?media=wiki:dokuwiki.svg HTTP/1.1" 200 24200
::1 - - [03/Dec/2020:11:33:16 +0000] "GET /dokuwiki/doku.php HTTP/1.1" 200 3461
::1 - - [03/Dec/2020:11:33:16 +0000] "GET /dokuwiki/lib/exe/taskrunner.php?id=start&1606995196 HTTP/1.1" 200 42
::1 - - [03/Dec/2020:11:33:16 +0000] "GET /dokuwiki/lib/exe/manifest.php HTTP/1.1" 200 330
::1 - - [03/Dec/2020:11:33:16 +0000] "GET /dokuwiki/lib/exe/fetch.php?media=wiki:dokuwiki.svg HTTP/1.1" 304 -
::1 - - [03/Dec/2020:11:37:06 +0000] "GET /dokuwiki/doku.php HTTP/1.1" 200 3460
::1 - - [03/Dec/2020:11:37:06 +0000] "GET /dokuwiki/lib/exe/css.php?t=dokuwiki&tseed=e29149753aed8d585d8593ad795cce5c HTTP/1.1" 200 37454
::1 - - [03/Dec/2020:11:37:06 +0000] "GET /dokuwiki/lib/exe/jquery.php?tseed=34a552433bc33cc9c3bc32527289a0b2 HTTP/1.1" 200 98212
::1 - - [03/Dec/2020:11:37:06 +0000] "GET /dokuwiki/lib/exe/taskrunner.php?id=start&1606995426 HTTP/1.1" 200 42
::1 - - [03/Dec/2020:11:37:06 +0000] "GET /dokuwiki/lib/exe/js.php?t=dokuwiki&tseed=e29149753aed8d585d8593ad795cce5c HTTP/1.1" 200 26801
::1 - - [03/Dec/2020:11:37:06 +0000] "GET /dokuwiki/lib/images/license/button/cc-by-nc-sa.png HTTP/1.1" 304 -
::1 - - [03/Dec/2020:11:37:06 +0000] "GET /dokuwiki/lib/tpl/dokuwiki/images/logo.png HTTP/1.1" 304 -
::1 - - [03/Dec/2020:11:37:06 +0000] "GET /dokuwiki/lib/tpl/dokuwiki/images/button-donate.gif HTTP/1.1" 304 -
::1 - - [03/Dec/2020:11:37:06 +0000] "GET /dokuwiki/lib/tpl/dokuwiki/images/button-php.gif HTTP/1.1" 304 -
::1 - - [03/Dec/2020:11:37:06 +0000] "GET /dokuwiki/lib/tpl/dokuwiki/images/button-html5.png HTTP/1.1" 304 -
::1 - - [03/Dec/2020:11:37:06 +0000] "GET /dokuwiki/lib/tpl/dokuwiki/images/button-dw.png HTTP/1.1" 304 -
::1 - - [03/Dec/2020:11:37:06 +0000] "GET /dokuwiki/lib/tpl/dokuwiki/images/button-css.png HTTP/1.1" 304 -
::1 - - [03/Dec/2020:11:37:06 +0000] "GET /dokuwiki/lib/exe/manifest.php HTTP/1.1" 200 330
::1 - - [03/Dec/2020:11:37:06 +0000] "GET /dokuwiki/lib/exe/fetch.php?media=wiki:dokuwiki.svg HTTP/1.1" 304 -
::1 - - [05/Dec/2020:14:54:47 +0000] "GET /dokuwiki/doku.php HTTP/1.1" 200 3460
::1 - - [05/Dec/2020:14:54:54 +0000] "GET /dokuwiki/lib/exe/jquery.php?tseed=34a552433bc33cc9c3bc32527289a0b2 HTTP/1.1" 200 98212
::1 - - [05/Dec/2020:14:54:54 +0000] "GET /dokuwiki/lib/exe/css.php?t=dokuwiki&tseed=e29149753aed8d585d8593ad795cce5c HTTP/1.1" 200 37454
::1 - - [05/Dec/2020:14:54:55 +0000] "GET /dokuwiki/lib/tpl/dokuwiki/images/logo.png HTTP/1.1" 304 -
::1 - - [05/Dec/2020:14:54:55 +0000] "GET /dokuwiki/lib/tpl/dokuwiki/images/button-donate.gif HTTP/1.1" 304 -
::1 - - [05/Dec/2020:14:54:55 +0000] "GET /dokuwiki/lib/images/license/button/cc-by-nc-sa.png HTTP/1.1" 304 -
::1 - - [05/Dec/2020:14:54:55 +0000] "GET /dokuwiki/lib/tpl/dokuwiki/images/button-php.gif HTTP/1.1" 304 -
::1 - - [05/Dec/2020:14:54:55 +0000] "GET /dokuwiki/lib/tpl/dokuwiki/images/button-html5.png HTTP/1.1" 304 -
::1 - - [05/Dec/2020:14:54:55 +0000] "GET /dokuwiki/lib/tpl/dokuwiki/images/button-css.png HTTP/1.1" 304 -
::1 - - [05/Dec/2020:14:54:55 +0000] "GET /dokuwiki/lib/tpl/dokuwiki/images/button-dw.png HTTP/1.1" 304 -
::1 - - [05/Dec/2020:14:54:55 +0000] "GET /dokuwiki/lib/exe/taskrunner.php?id=start&1607180094 HTTP/1.1" 200 42
::1 - - [05/Dec/2020:14:54:55 +0000] "GET /dokuwiki/lib/exe/js.php?t=dokuwiki&tseed=e29149753aed8d585d8593ad795cce5c HTTP/1.1" 200 26801
::1 - - [05/Dec/2020:14:54:55 +0000] "GET /dokuwiki/lib/tpl/dokuwiki/images/favicon.ico HTTP/1.1" 200 7406
::1 - - [05/Dec/2020:14:54:55 +0000] "GET /dokuwiki/lib/exe/manifest.php HTTP/1.1" 200 330
::1 - - [05/Dec/2020:14:54:55 +0000] "GET /dokuwiki/lib/exe/fetch.php?media=wiki:dokuwiki.svg HTTP/1.1" 304 -
::1 - - [10/Dec/2020:00:30:58 +0000] "GET /dokuwiki/doku.php HTTP/1.1" 200 3461
::1 - - [10/Dec/2020:00:30:59 +0000] "GET /dokuwiki/lib/exe/jquery.php?tseed=34a552433bc33cc9c3bc32527289a0b2 HTTP/1.1" 200 98212
::1 - - [10/Dec/2020:00:30:59 +0000] "GET /dokuwiki/lib/exe/js.php?t=dokuwiki&tseed=e29149753aed8d585d8593ad795cce5c HTTP/1.1" 200 26801
::1 - - [10/Dec/2020:00:30:59 +0000] "GET /dokuwiki/lib/tpl/dokuwiki/images/logo.png HTTP/1.1" 304 -
::1 - - [10/Dec/2020:00:30:59 +0000] "GET /dokuwiki/lib/images/license/button/cc-by-nc-sa.png HTTP/1.1" 304 -
::1 - - [10/Dec/2020:00:30:59 +0000] "GET /dokuwiki/lib/tpl/dokuwiki/images/button-donate.gif HTTP/1.1" 304 -
::1 - - [10/Dec/2020:00:30:59 +0000] "GET /dokuwiki/lib/tpl/dokuwiki/images/button-php.gif HTTP/1.1" 304 -
::1 - - [10/Dec/2020:00:30:59 +0000] "GET /dokuwiki/lib/exe/css.php?t=dokuwiki&tseed=e29149753aed8d585d8593ad795cce5c HTTP/1.1" 200 37454
::1 - - [10/Dec/2020:00:30:59 +0000] "GET /dokuwiki/lib/tpl/dokuwiki/images/button-html5.png HTTP/1.1" 304 -
::1 - - [10/Dec/2020:00:30:59 +0000] "GET /dokuwiki/lib/tpl/dokuwiki/images/button-css.png HTTP/1.1" 304 -
::1 - - [10/Dec/2020:00:30:59 +0000] "GET /dokuwiki/lib/tpl/dokuwiki/images/button-dw.png HTTP/1.1" 304 -
::1 - - [10/Dec/2020:00:30:59 +0000] "GET /dokuwiki/lib/exe/taskrunner.php?id=start&1607560259 HTTP/1.1" 200 42
::1 - - [10/Dec/2020:00:30:59 +0000] "GET /dokuwiki/lib/exe/manifest.php HTTP/1.1" 200 330
::1 - - [10/Dec/2020:00:30:59 +0000] "GET /dokuwiki/lib/exe/fetch.php?media=wiki:dokuwiki.svg HTTP/1.1" 304 -
